# JRE version: OpenJDK Runtime Environment Temurin-17.0.13+11 (17.0.13+11) (build 17.0.13+11)
# Java VM: OpenJDK 64-Bit Server VM Temurin-17.0.13+11 (17.0.13+11, mixed mode, tiered, compressed oops, compressed class ptrs, parallel gc, windows-amd64)
GC Precious Log:
 CPUs: 16 total, 16 available
 Memory: 16126M
 Large Page Support: Disabled
 NUMA Support: Disabled
 Compressed Oops: Enabled (32-bit)
 Alignments: Space 512K, Generation 512K, Heap 2M
 Heap Min Capacity: 100M
 Heap Initial Capacity: 100M
 Heap Max Capacity: 1G
 Pre-touch: Disabled
 Parallel Workers: 13
Heap:
 PSYoungGen      total 4608K, used 1079K [0x00000000eab00000, 0x00000000eb080000, 0x0000000100000000)
  eden space 4096K, 14% used [0x00000000eab00000,0x00000000eab95f18,0x00000000eaf00000)
  from space 512K, 93% used [0x00000000eb000000,0x00000000eb078000,0x00000000eb080000)
  to   space 512K, 0% used [0x00000000eaf80000,0x00000000eaf80000,0x00000000eb000000)
 ParOldGen       total 454656K, used 402993K [0x00000000c0000000, 0x00000000dbc00000, 0x00000000eab00000)
  object space 454656K, 88% used [0x00000000c0000000,0x00000000d898c7e8,0x00000000dbc00000)
 Metaspace       used 96822K, committed 98368K, reserved 1179648K
  class space    used 10459K, committed 11136K, reserved 1048576K
GC Heap History (20 events):
Event: 68.908 GC heap before
{Heap before GC invocations=1113 (full 30):
 PSYoungGen      total 4608K, used 4448K [0x00000000eab00000, 0x00000000eb100000, 0x0000000100000000)
  eden space 4096K, 100% used [0x00000000eab00000,0x00000000eaf00000,0x00000000eaf00000)
  from space 512K, 68% used [0x00000000eb080000,0x00000000eb0d8000,0x00000000eb100000)
  to   space 512K, 0% used [0x00000000eb000000,0x00000000eb000000,0x00000000eb080000)
 ParOldGen       total 454656K, used 401861K [0x00000000c0000000, 0x00000000dbc00000, 0x00000000eab00000)
  object space 454656K, 88% used [0x00000000c0000000,0x00000000d88716b0,0x00000000dbc00000)
 Metaspace       used 96158K, committed 97728K, reserved 1179648K
  class space    used 10382K, committed 11072K, reserved 1048576K
}
Event: 68.910 GC heap after
{Heap after GC invocations=1113 (full 30):
 PSYoungGen      total 4608K, used 384K [0x00000000eab00000, 0x00000000eb100000, 0x0000000100000000)
  eden space 4096K, 0% used [0x00000000eab00000,0x00000000eab00000,0x00000000eaf00000)
  from space 512K, 75% used [0x00000000eb000000,0x00000000eb060000,0x00000000eb080000)
  to   space 512K, 0% used [0x00000000eb080000,0x00000000eb080000,0x00000000eb100000)
 ParOldGen       total 454656K, used 401965K [0x00000000c0000000, 0x00000000dbc00000, 0x00000000eab00000)
  object space 454656K, 88% used [0x00000000c0000000,0x00000000d888b6b0,0x00000000dbc00000)
 Metaspace       used 96158K, committed 97728K, reserved 1179648K
  class space    used 10382K, committed 11072K, reserved 1048576K
}
Event: 68.974 GC heap before
{Heap before GC invocations=1114 (full 30):
 PSYoungGen      total 4608K, used 4480K [0x00000000eab00000, 0x00000000eb100000, 0x0000000100000000)
  eden space 4096K, 100% used [0x00000000eab00000,0x00000000eaf00000,0x00000000eaf00000)
  from space 512K, 75% used [0x00000000eb000000,0x00000000eb060000,0x00000000eb080000)
  to   space 512K, 0% used [0x00000000eb080000,0x00000000eb080000,0x00000000eb100000)
 ParOldGen       total 454656K, used 401965K [0x00000000c0000000, 0x00000000dbc00000, 0x00000000eab00000)
  object space 454656K, 88% used [0x00000000c0000000,0x00000000d888b6b0,0x00000000dbc00000)
 Metaspace       used 96165K, committed 97728K, reserved 1179648K
  class space    used 10382K, committed 11072K, reserved 1048576K
}
Event: 68.975 GC heap after
{Heap after GC invocations=1114 (full 30):
 PSYoungGen      total 4608K, used 384K [0x00000000eab00000, 0x00000000eb100000, 0x0000000100000000)
  eden space 4096K, 0% used [0x00000000eab00000,0x00000000eab00000,0x00000000eaf00000)
  from space 512K, 75% used [0x00000000eb080000,0x00000000eb0e0000,0x00000000eb100000)
  to   space 512K, 0% used [0x00000000eb000000,0x00000000eb000000,0x00000000eb080000)
 ParOldGen       total 454656K, used 402093K [0x00000000c0000000, 0x00000000dbc00000, 0x00000000eab00000)
  object space 454656K, 88% used [0x00000000c0000000,0x00000000d88ab6b0,0x00000000dbc00000)
 Metaspace       used 96165K, committed 97728K, reserved 1179648K
  class space    used 10382K, committed 11072K, reserved 1048576K
}
Event: 68.999 GC heap before
{Heap before GC invocations=1115 (full 30):
 PSYoungGen      total 4608K, used 4480K [0x00000000eab00000, 0x00000000eb100000, 0x0000000100000000)
  eden space 4096K, 100% used [0x00000000eab00000,0x00000000eaf00000,0x00000000eaf00000)
  from space 512K, 75% used [0x00000000eb080000,0x00000000eb0e0000,0x00000000eb100000)
  to   space 512K, 0% used [0x00000000eb000000,0x00000000eb000000,0x00000000eb080000)
 ParOldGen       total 454656K, used 402093K [0x00000000c0000000, 0x00000000dbc00000, 0x00000000eab00000)
  object space 454656K, 88% used [0x00000000c0000000,0x00000000d88ab6b0,0x00000000dbc00000)
 Metaspace       used 96166K, committed 97728K, reserved 1179648K
  class space    used 10382K, committed 11072K, reserved 1048576K
}
Event: 69.001 GC heap after
{Heap after GC invocations=1115 (full 30):
 PSYoungGen      total 4608K, used 384K [0x00000000eab00000, 0x00000000eb100000, 0x0000000100000000)
  eden space 4096K, 0% used [0x00000000eab00000,0x00000000eab00000,0x00000000eaf00000)
  from space 512K, 75% used [0x00000000eb000000,0x00000000eb060000,0x00000000eb080000)
  to   space 512K, 0% used [0x00000000eb080000,0x00000000eb080000,0x00000000eb100000)
 ParOldGen       total 454656K, used 402228K [0x00000000c0000000, 0x00000000dbc00000, 0x00000000eab00000)
  object space 454656K, 88% used [0x00000000c0000000,0x00000000d88cd350,0x00000000dbc00000)
 Metaspace       used 96166K, committed 97728K, reserved 1179648K
  class space    used 10382K, committed 11072K, reserved 1048576K
}
Event: 69.047 GC heap before
{Heap before GC invocations=1116 (full 30):
 PSYoungGen      total 4608K, used 4480K [0x00000000eab00000, 0x00000000eb100000, 0x0000000100000000)
  eden space 4096K, 100% used [0x00000000eab00000,0x00000000eaf00000,0x00000000eaf00000)
  from space 512K, 75% used [0x00000000eb000000,0x00000000eb060000,0x00000000eb080000)
  to   space 512K, 0% used [0x00000000eb080000,0x00000000eb080000,0x00000000eb100000)
 ParOldGen       total 454656K, used 402228K [0x00000000c0000000, 0x00000000dbc00000, 0x00000000eab00000)
  object space 454656K, 88% used [0x00000000c0000000,0x00000000d88cd350,0x00000000dbc00000)
 Metaspace       used 96167K, committed 97728K, reserved 1179648K
  class space    used 10382K, committed 11072K, reserved 1048576K
}
Event: 69.049 GC heap after
{Heap after GC invocations=1116 (full 30):
 PSYoungGen      total 4608K, used 288K [0x00000000eab00000, 0x00000000eb100000, 0x0000000100000000)
  eden space 4096K, 0% used [0x00000000eab00000,0x00000000eab00000,0x00000000eaf00000)
  from space 512K, 56% used [0x00000000eb080000,0x00000000eb0c8000,0x00000000eb100000)
  to   space 512K, 0% used [0x00000000eb000000,0x00000000eb000000,0x00000000eb080000)
 ParOldGen       total 454656K, used 402308K [0x00000000c0000000, 0x00000000dbc00000, 0x00000000eab00000)
  object space 454656K, 88% used [0x00000000c0000000,0x00000000d88e1350,0x00000000dbc00000)
 Metaspace       used 96167K, committed 97728K, reserved 1179648K
  class space    used 10382K, committed 11072K, reserved 1048576K
}
Event: 69.125 GC heap before
{Heap before GC invocations=1117 (full 30):
 PSYoungGen      total 4608K, used 4384K [0x00000000eab00000, 0x00000000eb100000, 0x0000000100000000)
  eden space 4096K, 100% used [0x00000000eab00000,0x00000000eaf00000,0x00000000eaf00000)
  from space 512K, 56% used [0x00000000eb080000,0x00000000eb0c8000,0x00000000eb100000)
  to   space 512K, 0% used [0x00000000eb000000,0x00000000eb000000,0x00000000eb080000)
 ParOldGen       total 454656K, used 402308K [0x00000000c0000000, 0x00000000dbc00000, 0x00000000eab00000)
  object space 454656K, 88% used [0x00000000c0000000,0x00000000d88e1350,0x00000000dbc00000)
 Metaspace       used 96218K, committed 97792K, reserved 1179648K
  class space    used 10382K, committed 11072K, reserved 1048576K
}
Event: 69.126 GC heap after
{Heap after GC invocations=1117 (full 30):
 PSYoungGen      total 4608K, used 416K [0x00000000eab00000, 0x00000000eb100000, 0x0000000100000000)
  eden space 4096K, 0% used [0x00000000eab00000,0x00000000eab00000,0x00000000eaf00000)
  from space 512K, 81% used [0x00000000eb000000,0x00000000eb068000,0x00000000eb080000)
  to   space 512K, 0% used [0x00000000eb080000,0x00000000eb080000,0x00000000eb100000)
 ParOldGen       total 454656K, used 402433K [0x00000000c0000000, 0x00000000dbc00000, 0x00000000eab00000)
  object space 454656K, 88% used [0x00000000c0000000,0x00000000d89007e8,0x00000000dbc00000)
 Metaspace       used 96218K, committed 97792K, reserved 1179648K
  class space    used 10382K, committed 11072K, reserved 1048576K
}
Event: 312.566 GC heap before
{Heap before GC invocations=1118 (full 30):
 PSYoungGen      total 4608K, used 4511K [0x00000000eab00000, 0x00000000eb100000, 0x0000000100000000)
  eden space 4096K, 99% used [0x00000000eab00000,0x00000000eaefff98,0x00000000eaf00000)
  from space 512K, 81% used [0x00000000eb000000,0x00000000eb068000,0x00000000eb080000)
  to   space 512K, 0% used [0x00000000eb080000,0x00000000eb080000,0x00000000eb100000)
 ParOldGen       total 454656K, used 402433K [0x00000000c0000000, 0x00000000dbc00000, 0x00000000eab00000)
  object space 454656K, 88% used [0x00000000c0000000,0x00000000d89007e8,0x00000000dbc00000)
 Metaspace       used 96539K, committed 98176K, reserved 1179648K
  class space    used 10415K, committed 11136K, reserved 1048576K
}
Event: 312.575 GC heap after
{Heap after GC invocations=1118 (full 30):
 PSYoungGen      total 4608K, used 448K [0x00000000eab00000, 0x00000000eb100000, 0x0000000100000000)
  eden space 4096K, 0% used [0x00000000eab00000,0x00000000eab00000,0x00000000eaf00000)
  from space 512K, 87% used [0x00000000eb080000,0x00000000eb0f0000,0x00000000eb100000)
  to   space 512K, 0% used [0x00000000eb000000,0x00000000eb000000,0x00000000eb080000)
 ParOldGen       total 454656K, used 402441K [0x00000000c0000000, 0x00000000dbc00000, 0x00000000eab00000)
  object space 454656K, 88% used [0x00000000c0000000,0x00000000d89027e8,0x00000000dbc00000)
 Metaspace       used 96539K, committed 98176K, reserved 1179648K
  class space    used 10415K, committed 11136K, reserved 1048576K
}
Event: 313.134 GC heap before
{Heap before GC invocations=1119 (full 30):
 PSYoungGen      total 4608K, used 4544K [0x00000000eab00000, 0x00000000eb100000, 0x0000000100000000)
  eden space 4096K, 100% used [0x00000000eab00000,0x00000000eaf00000,0x00000000eaf00000)
  from space 512K, 87% used [0x00000000eb080000,0x00000000eb0f0000,0x00000000eb100000)
  to   space 512K, 0% used [0x00000000eb000000,0x00000000eb000000,0x00000000eb080000)
 ParOldGen       total 454656K, used 402441K [0x00000000c0000000, 0x00000000dbc00000, 0x00000000eab00000)
  object space 454656K, 88% used [0x00000000c0000000,0x00000000d89027e8,0x00000000dbc00000)
 Metaspace       used 96546K, committed 98176K, reserved 1179648K
  class space    used 10417K, committed 11136K, reserved 1048576K
}
Event: 313.136 GC heap after
{Heap after GC invocations=1119 (full 30):
 PSYoungGen      total 4608K, used 512K [0x00000000eab00000, 0x00000000eb100000, 0x0000000100000000)
  eden space 4096K, 0% used [0x00000000eab00000,0x00000000eab00000,0x00000000eaf00000)
  from space 512K, 100% used [0x00000000eb000000,0x00000000eb080000,0x00000000eb080000)
  to   space 512K, 0% used [0x00000000eb080000,0x00000000eb080000,0x00000000eb100000)
 ParOldGen       total 454656K, used 402449K [0x00000000c0000000, 0x00000000dbc00000, 0x00000000eab00000)
  object space 454656K, 88% used [0x00000000c0000000,0x00000000d89047e8,0x00000000dbc00000)
 Metaspace       used 96546K, committed 98176K, reserved 1179648K
  class space    used 10417K, committed 11136K, reserved 1048576K
}
Event: 313.268 GC heap before
{Heap before GC invocations=1120 (full 30):
 PSYoungGen      total 4608K, used 4608K [0x00000000eab00000, 0x00000000eb100000, 0x0000000100000000)
  eden space 4096K, 100% used [0x00000000eab00000,0x00000000eaf00000,0x00000000eaf00000)
  from space 512K, 100% used [0x00000000eb000000,0x00000000eb080000,0x00000000eb080000)
  to   space 512K, 0% used [0x00000000eb080000,0x00000000eb080000,0x00000000eb100000)
 ParOldGen       total 454656K, used 402449K [0x00000000c0000000, 0x00000000dbc00000, 0x00000000eab00000)
  object space 454656K, 88% used [0x00000000c0000000,0x00000000d89047e8,0x00000000dbc00000)
 Metaspace       used 96547K, committed 98176K, reserved 1179648K
  class space    used 10417K, committed 11136K, reserved 1048576K
}
Event: 313.271 GC heap after
{Heap after GC invocations=1120 (full 30):
 PSYoungGen      total 4608K, used 496K [0x00000000eab00000, 0x00000000eb100000, 0x0000000100000000)
  eden space 4096K, 0% used [0x00000000eab00000,0x00000000eab00000,0x00000000eaf00000)
  from space 512K, 96% used [0x00000000eb080000,0x00000000eb0fc010,0x00000000eb100000)
  to   space 1024K, 0% used [0x00000000eaf00000,0x00000000eaf00000,0x00000000eb000000)
 ParOldGen       total 454656K, used 402705K [0x00000000c0000000, 0x00000000dbc00000, 0x00000000eab00000)
  object space 454656K, 88% used [0x00000000c0000000,0x00000000d89447e8,0x00000000dbc00000)
 Metaspace       used 96547K, committed 98176K, reserved 1179648K
  class space    used 10417K, committed 11136K, reserved 1048576K
}
Event: 2809.544 GC heap before
{Heap before GC invocations=1121 (full 30):
 PSYoungGen      total 4608K, used 4571K [0x00000000eab00000, 0x00000000eb100000, 0x0000000100000000)
  eden space 4096K, 99% used [0x00000000eab00000,0x00000000eaefae18,0x00000000eaf00000)
  from space 512K, 96% used [0x00000000eb080000,0x00000000eb0fc010,0x00000000eb100000)
  to   space 1024K, 0% used [0x00000000eaf00000,0x00000000eaf00000,0x00000000eb000000)
 ParOldGen       total 454656K, used 402705K [0x00000000c0000000, 0x00000000dbc00000, 0x00000000eab00000)
  object space 454656K, 88% used [0x00000000c0000000,0x00000000d89447e8,0x00000000dbc00000)
 Metaspace       used 96639K, committed 98240K, reserved 1179648K
  class space    used 10435K, committed 11136K, reserved 1048576K
}
Event: 2809.715 GC heap after
{Heap after GC invocations=1121 (full 30):
 PSYoungGen      total 5120K, used 460K [0x00000000eab00000, 0x00000000eb100000, 0x0000000100000000)
  eden space 4096K, 0% used [0x00000000eab00000,0x00000000eab00000,0x00000000eaf00000)
  from space 1024K, 44% used [0x00000000eaf00000,0x00000000eaf73010,0x00000000eb000000)
  to   space 1024K, 0% used [0x00000000eb000000,0x00000000eb000000,0x00000000eb100000)
 ParOldGen       total 454656K, used 402985K [0x00000000c0000000, 0x00000000dbc00000, 0x00000000eab00000)
  object space 454656K, 88% used [0x00000000c0000000,0x00000000d898a7e8,0x00000000dbc00000)
 Metaspace       used 96639K, committed 98240K, reserved 1179648K
  class space    used 10435K, committed 11136K, reserved 1048576K
}
Event: 2813.703 GC heap before
{Heap before GC invocations=1122 (full 30):
 PSYoungGen      total 5120K, used 4556K [0x00000000eab00000, 0x00000000eb100000, 0x0000000100000000)
  eden space 4096K, 99% used [0x00000000eab00000,0x00000000eaeffff8,0x00000000eaf00000)
  from space 1024K, 44% used [0x00000000eaf00000,0x00000000eaf73010,0x00000000eb000000)
  to   space 1024K, 0% used [0x00000000eb000000,0x00000000eb000000,0x00000000eb100000)
 ParOldGen       total 454656K, used 402985K [0x00000000c0000000, 0x00000000dbc00000, 0x00000000eab00000)
  object space 454656K, 88% used [0x00000000c0000000,0x00000000d898a7e8,0x00000000dbc00000)
 Metaspace       used 96822K, committed 98368K, reserved 1179648K
  class space    used 10459K, committed 11136K, reserved 1048576K
}
Event: 2813.795 GC heap after
{Heap after GC invocations=1122 (full 30):
 PSYoungGen      total 4608K, used 480K [0x00000000eab00000, 0x00000000eb080000, 0x0000000100000000)
  eden space 4096K, 0% used [0x00000000eab00000,0x00000000eab00000,0x00000000eaf00000)
  from space 512K, 93% used [0x00000000eb000000,0x00000000eb078000,0x00000000eb080000)
  to   space 512K, 0% used [0x00000000eaf80000,0x00000000eaf80000,0x00000000eb000000)
 ParOldGen       total 454656K, used 402993K [0x00000000c0000000, 0x00000000dbc00000, 0x00000000eab00000)
  object space 454656K, 88% used [0x00000000c0000000,0x00000000d898c7e8,0x00000000dbc00000)
 Metaspace       used 96822K, committed 98368K, reserved 1179648K
  class space    used 10459K, committed 11136K, reserved 1048576K
}

